2019-12-29 03:10:00.647 INFO  (main) [   ] o.e.j.u.log Logging initialized @1031ms to org.eclipse.jetty.util.log.Slf4jLog
2019-12-29 03:10:00.729 WARN  (main) [   ] o.e.j.x.XmlConfiguration Deprecated method public void org.eclipse.jetty.rewrite.handler.RedirectRegexRule.setReplacement(java.lang.String) in file:///Users/kurikishuhei/Documents/GitHub/python_NLP_practice/python_nlp_sample/solr-8.3.1/server/etc/jetty.xml
2019-12-29 03:10:00.789 WARN  (main) [   ] o.e.j.s.AbstractConnector Ignoring deprecated socket close linger time
2019-12-29 03:10:00.789 WARN  (main) [   ] o.e.j.x.XmlConfiguration Deprecated method public void org.eclipse.jetty.server.ServerConnector.setSoLingerTime(int) in file:///Users/kurikishuhei/Documents/GitHub/python_NLP_practice/python_nlp_sample/solr-8.3.1/server/etc/jetty-http.xml
2019-12-29 03:10:00.805 INFO  (main) [   ] o.e.j.s.Server jetty-9.4.19.v20190610; built: 2019-06-10T16:30:51.723Z; git: afcf563148970e98786327af5e07c261fda175d3; jvm 13.0.1+9
2019-12-29 03:10:00.822 INFO  (main) [   ] o.e.j.d.p.ScanningAppProvider Deployment monitor [file:///Users/kurikishuhei/Documents/GitHub/python_NLP_practice/python_nlp_sample/solr-8.3.1/server/contexts/] at interval 0
2019-12-29 03:10:01.093 INFO  (main) [   ] o.e.j.w.StandardDescriptorProcessor NO JSP Support for /solr, did not find org.apache.jasper.servlet.JspServlet
2019-12-29 03:10:01.103 INFO  (main) [   ] o.e.j.s.session DefaultSessionIdManager workerName=node0
2019-12-29 03:10:01.103 INFO  (main) [   ] o.e.j.s.session No SessionScavenger set, using defaults
2019-12-29 03:10:01.105 INFO  (main) [   ] o.e.j.s.session node0 Scavenging every 600000ms
2019-12-29 03:10:01.172 INFO  (main) [   ] o.a.s.s.SolrDispatchFilter Using logger factory org.apache.logging.slf4j.Log4jLoggerFactory
2019-12-29 03:10:01.176 INFO  (main) [   ] o.a.s.s.SolrDispatchFilter  ___      _       Welcome to Apache Solr™ version 8.3.1
2019-12-29 03:10:01.176 INFO  (main) [   ] o.a.s.s.SolrDispatchFilter / __| ___| |_ _   Starting in standalone mode on port 8983
2019-12-29 03:10:01.176 INFO  (main) [   ] o.a.s.s.SolrDispatchFilter \__ \/ _ \ | '_|  Install dir: /Users/kurikishuhei/Documents/GitHub/python_NLP_practice/python_nlp_sample/solr-8.3.1
2019-12-29 03:10:01.176 INFO  (main) [   ] o.a.s.s.SolrDispatchFilter |___/\___/_|_|    Start time: 2019-12-29T03:10:01.176652Z
2019-12-29 03:10:01.202 INFO  (main) [   ] o.a.s.c.SolrResourceLoader Using system property solr.solr.home: /Users/kurikishuhei/Documents/GitHub/python_NLP_practice/python_nlp_sample/solr-8.3.1/server/solr
2019-12-29 03:10:01.208 INFO  (main) [   ] o.a.s.c.SolrXmlConfig Loading container configuration from /Users/kurikishuhei/Documents/GitHub/python_NLP_practice/python_nlp_sample/solr-8.3.1/server/solr/solr.xml
2019-12-29 03:10:01.280 INFO  (main) [   ] o.a.s.c.SolrXmlConfig MBean server found: com.sun.jmx.mbeanserver.JmxMBeanServer@1da2cb77, but no JMX reporters were configured - adding default JMX reporter.
2019-12-29 03:10:01.725 INFO  (main) [   ] o.a.s.h.c.HttpShardHandlerFactory Host whitelist initialized: WhitelistHostChecker [whitelistHosts=null, whitelistHostCheckingEnabled=true]
2019-12-29 03:10:01.919 WARN  (main) [   ] o.e.j.u.s.S.config Trusting all certificates configured for Client@4a03bb68[provider=null,keyStore=null,trustStore=null]
2019-12-29 03:10:01.919 WARN  (main) [   ] o.e.j.u.s.S.config No Client EndPointIdentificationAlgorithm configured for Client@4a03bb68[provider=null,keyStore=null,trustStore=null]
2019-12-29 03:10:02.074 WARN  (main) [   ] o.e.j.u.s.S.config Trusting all certificates configured for Client@5e8604bf[provider=null,keyStore=null,trustStore=null]
2019-12-29 03:10:02.074 WARN  (main) [   ] o.e.j.u.s.S.config No Client EndPointIdentificationAlgorithm configured for Client@5e8604bf[provider=null,keyStore=null,trustStore=null]
2019-12-29 03:10:02.222 INFO  (main) [   ] o.a.s.c.TransientSolrCoreCacheDefault Allocating transient cache for 2147483647 transient cores
2019-12-29 03:10:02.224 INFO  (main) [   ] o.a.s.h.a.MetricsHistoryHandler No .system collection, keeping metrics history in memory.
2019-12-29 03:10:02.284 INFO  (main) [   ] o.a.s.m.r.SolrJmxReporter JMX monitoring for 'solr.node' (registry 'solr.node') enabled at server: com.sun.jmx.mbeanserver.JmxMBeanServer@1da2cb77
2019-12-29 03:10:02.284 INFO  (main) [   ] o.a.s.m.r.SolrJmxReporter JMX monitoring for 'solr.jvm' (registry 'solr.jvm') enabled at server: com.sun.jmx.mbeanserver.JmxMBeanServer@1da2cb77
2019-12-29 03:10:02.289 INFO  (main) [   ] o.a.s.m.r.SolrJmxReporter JMX monitoring for 'solr.jetty' (registry 'solr.jetty') enabled at server: com.sun.jmx.mbeanserver.JmxMBeanServer@1da2cb77
2019-12-29 03:10:02.323 INFO  (main) [   ] o.a.s.c.CorePropertiesLocator Found 0 core definitions underneath /Users/kurikishuhei/Documents/GitHub/python_NLP_practice/python_nlp_sample/solr-8.3.1/server/solr
2019-12-29 03:10:02.383 INFO  (main) [   ] o.e.j.s.h.ContextHandler Started o.e.j.w.WebAppContext@522a32b1{/solr,file:///Users/kurikishuhei/Documents/GitHub/python_NLP_practice/python_nlp_sample/solr-8.3.1/server/solr-webapp/webapp/,AVAILABLE}{/Users/kurikishuhei/Documents/GitHub/python_NLP_practice/python_nlp_sample/solr-8.3.1/server/solr-webapp/webapp}
2019-12-29 03:10:02.392 INFO  (main) [   ] o.e.j.s.AbstractConnector Started ServerConnector@4f0100a7{HTTP/1.1,[http/1.1, h2c]}{0.0.0.0:8983}
2019-12-29 03:10:02.392 INFO  (main) [   ] o.e.j.s.Server Started @2779ms
2019-12-29 03:11:00.642 INFO  (qtp1604247316-37) [   ] o.a.s.s.HttpSolrCall [admin] webapp=null path=/admin/cores params={indexInfo=false&wt=json&_=1577589060463} status=0 QTime=30
2019-12-29 03:11:00.668 INFO  (qtp1604247316-18) [   ] o.a.s.s.HttpSolrCall [admin] webapp=null path=/admin/info/system params={wt=json&_=1577589060464} status=0 QTime=56
2019-12-29 03:11:00.684 INFO  (qtp1604247316-40) [   ] o.a.s.s.HttpSolrCall [admin] webapp=null path=/admin/info/system params={wt=json&_=1577589060464} status=0 QTime=12
2019-12-29 03:20:11.324 INFO  (qtp1604247316-37) [   ] o.a.s.s.HttpSolrCall [admin] webapp=null path=/admin/info/system params={wt=json} status=0 QTime=10
2019-12-29 03:20:11.350 INFO  (qtp1604247316-39) [   ] o.a.s.s.HttpSolrCall [admin] webapp=null path=/admin/info/system params={wt=json} status=0 QTime=8
2019-12-29 03:20:11.356 INFO  (qtp1604247316-24) [   x:doc] o.a.s.s.HttpSolrCall [admin] webapp=null path=/admin/cores params={core=doc&action=STATUS&wt=json} status=0 QTime=0
2019-12-29 03:20:11.389 INFO  (qtp1604247316-18) [   x:doc] o.a.s.h.a.CoreAdminOperation core create command name=doc&action=CREATE&instanceDir=doc&wt=json
2019-12-29 03:20:11.428 INFO  (qtp1604247316-18) [   x:doc] o.a.s.c.SolrResourceLoader [doc] Added 61 libs to classloader, from paths: [/Users/kurikishuhei/Documents/GitHub/python_NLP_practice/python_nlp_sample/solr-8.3.1/contrib/clustering/lib, /Users/kurikishuhei/Documents/GitHub/python_NLP_practice/python_nlp_sample/solr-8.3.1/contrib/extraction/lib, /Users/kurikishuhei/Documents/GitHub/python_NLP_practice/python_nlp_sample/solr-8.3.1/contrib/langid/lib, /Users/kurikishuhei/Documents/GitHub/python_NLP_practice/python_nlp_sample/solr-8.3.1/contrib/velocity/lib, /Users/kurikishuhei/Documents/GitHub/python_NLP_practice/python_nlp_sample/solr-8.3.1/dist]
2019-12-29 03:20:11.687 INFO  (qtp1604247316-18) [   x:doc] o.a.s.c.SolrConfig Using Lucene MatchVersion: 8.3.1
2019-12-29 03:20:11.810 INFO  (qtp1604247316-18) [   x:doc] o.a.s.s.IndexSchema [doc] Schema name=default-config
2019-12-29 03:20:12.217 INFO  (qtp1604247316-18) [   x:doc] o.a.s.s.IndexSchema Loaded schema default-config/1.6 with uniqueid field id
2019-12-29 03:20:12.240 INFO  (qtp1604247316-18) [   x:doc] o.a.s.c.CoreContainer Creating SolrCore 'doc' using configuration from instancedir /Users/kurikishuhei/Documents/GitHub/python_NLP_practice/python_nlp_sample/solr-8.3.1/server/solr/doc, trusted=true
2019-12-29 03:20:12.247 INFO  (qtp1604247316-18) [   x:doc] o.a.s.m.r.SolrJmxReporter JMX monitoring for 'solr.core.doc' (registry 'solr.core.doc') enabled at server: com.sun.jmx.mbeanserver.JmxMBeanServer@1da2cb77
2019-12-29 03:20:12.261 INFO  (qtp1604247316-18) [   x:doc] o.a.s.c.SolrCore [[doc] ] Opening new SolrCore at [/Users/kurikishuhei/Documents/GitHub/python_NLP_practice/python_nlp_sample/solr-8.3.1/server/solr/doc], dataDir=[/Users/kurikishuhei/Documents/GitHub/python_NLP_practice/python_nlp_sample/solr-8.3.1/server/solr/doc/data/]
2019-12-29 03:20:12.358 INFO  (qtp1604247316-18) [   x:doc] o.a.s.r.XSLTResponseWriter xsltCacheLifetimeSeconds=5
2019-12-29 03:20:12.728 INFO  (qtp1604247316-18) [   x:doc] o.a.s.u.UpdateHandler Using UpdateLog implementation: org.apache.solr.update.UpdateLog
2019-12-29 03:20:12.728 INFO  (qtp1604247316-18) [   x:doc] o.a.s.u.UpdateLog Initializing UpdateLog: dataDir= defaultSyncLevel=FLUSH numRecordsToKeep=100 maxNumLogsToKeep=10 numVersionBuckets=65536
2019-12-29 03:20:12.735 INFO  (qtp1604247316-18) [   x:doc] o.a.s.u.CommitTracker Hard AutoCommit: if uncommitted for 15000ms; 
2019-12-29 03:20:12.735 INFO  (qtp1604247316-18) [   x:doc] o.a.s.u.CommitTracker Soft AutoCommit: disabled
2019-12-29 03:20:12.749 INFO  (qtp1604247316-18) [   x:doc] o.a.s.s.SolrIndexSearcher Opening [Searcher@67dbe196[doc] main]
2019-12-29 03:20:12.757 INFO  (qtp1604247316-18) [   x:doc] o.a.s.r.ManagedResourceStorage File-based storage initialized to use dir: /Users/kurikishuhei/Documents/GitHub/python_NLP_practice/python_nlp_sample/solr-8.3.1/server/solr/doc/conf
2019-12-29 03:20:12.778 INFO  (qtp1604247316-18) [   x:doc] o.a.s.h.c.SpellCheckComponent Initializing spell checkers
2019-12-29 03:20:12.784 INFO  (qtp1604247316-18) [   x:doc] o.a.s.s.DirectSolrSpellChecker init: {name=default,field=_text_,classname=solr.DirectSolrSpellChecker,distanceMeasure=internal,accuracy=0.5,maxEdits=2,minPrefix=1,maxInspections=5,minQueryLength=4,maxQueryFrequency=0.01}
2019-12-29 03:20:12.793 INFO  (qtp1604247316-18) [   x:doc] o.a.s.h.ReplicationHandler Commits will be reserved for 10000ms.
2019-12-29 03:20:12.797 INFO  (qtp1604247316-18) [   x:doc] o.a.s.u.UpdateLog Could not find max version in index or recent updates, using new clock 1654222605828227072
2019-12-29 03:20:12.799 INFO  (searcherExecutor-10-thread-1-processing-x:doc) [   x:doc] o.a.s.c.QuerySenderListener QuerySenderListener sending requests to Searcher@67dbe196[doc] main{ExitableDirectoryReader(UninvertingDirectoryReader())}
2019-12-29 03:20:12.799 INFO  (searcherExecutor-10-thread-1-processing-x:doc) [   x:doc] o.a.s.c.QuerySenderListener QuerySenderListener done.
2019-12-29 03:20:12.799 INFO  (searcherExecutor-10-thread-1-processing-x:doc) [   x:doc] o.a.s.h.c.SpellCheckComponent Loading spell index for spellchecker: default
2019-12-29 03:20:12.802 INFO  (qtp1604247316-18) [   x:doc] o.a.s.s.HttpSolrCall [admin] webapp=null path=/admin/cores params={name=doc&action=CREATE&instanceDir=doc&wt=json} status=0 QTime=1413
2019-12-29 03:20:12.804 INFO  (searcherExecutor-10-thread-1-processing-x:doc) [   x:doc] o.a.s.c.SolrCore [doc] Registered new searcher Searcher@67dbe196[doc] main{ExitableDirectoryReader(UninvertingDirectoryReader())}
2019-12-29 05:34:48.293 INFO  (qtp1604247316-23) [   x:doc] o.a.s.u.p.LogUpdateProcessorFactory [doc]  webapp=/solr path=/update params={}{add=[1 (1654231073093058560), 2 (1654231073309065216), 3 (1654231073359396864), 4 (1654231073398194176), 5 (1654231073438040064), 6 (1654231073448525824), 7 (1654231073521926144), 8 (1654231073539751936), 9 (1654231073548140544), 10 (1654231073568063488), ... (13 adds)]} 0 517
2019-12-29 05:34:48.298 INFO  (qtp1604247316-39) [   x:doc] o.a.s.u.DirectUpdateHandler2 start commit{_version_=1654231073604763648,optimize=false,openSearcher=true,waitSearcher=true,expungeDeletes=false,softCommit=true,prepareCommit=false}
2019-12-29 05:34:48.419 INFO  (qtp1604247316-39) [   x:doc] o.a.s.s.SolrIndexSearcher Opening [Searcher@33667509[doc] main]
2019-12-29 05:34:48.420 INFO  (qtp1604247316-39) [   x:doc] o.a.s.u.DirectUpdateHandler2 end_commit_flush
2019-12-29 05:34:48.421 INFO  (searcherExecutor-10-thread-1-processing-x:doc) [   x:doc] o.a.s.c.QuerySenderListener QuerySenderListener sending requests to Searcher@33667509[doc] main{ExitableDirectoryReader(UninvertingDirectoryReader(Uninverting(_0(8.3.1):C13:[diagnostics={os=Mac OS X, java.vendor=Oracle Corporation, java.version=13.0.1, java.vm.version=13.0.1+9, lucene.version=8.3.1, os.arch=x86_64, java.runtime.version=13.0.1+9, source=flush, os.version=10.15.1, timestamp=1577597688390}]:[attributes={Lucene50StoredFieldsFormat.mode=BEST_SPEED}])))}
2019-12-29 05:34:48.421 INFO  (searcherExecutor-10-thread-1-processing-x:doc) [   x:doc] o.a.s.c.QuerySenderListener QuerySenderListener done.
2019-12-29 05:34:48.426 INFO  (searcherExecutor-10-thread-1-processing-x:doc) [   x:doc] o.a.s.c.SolrCore [doc] Registered new searcher Searcher@33667509[doc] main{ExitableDirectoryReader(UninvertingDirectoryReader(Uninverting(_0(8.3.1):C13:[diagnostics={os=Mac OS X, java.vendor=Oracle Corporation, java.version=13.0.1, java.vm.version=13.0.1+9, lucene.version=8.3.1, os.arch=x86_64, java.runtime.version=13.0.1+9, source=flush, os.version=10.15.1, timestamp=1577597688390}]:[attributes={Lucene50StoredFieldsFormat.mode=BEST_SPEED}])))}
2019-12-29 05:34:48.429 INFO  (qtp1604247316-39) [   x:doc] o.a.s.u.p.LogUpdateProcessorFactory [doc]  webapp=/solr path=/update params={softCommit=true}{commit=} 0 131
2019-12-29 05:35:03.016 INFO  (commitScheduler-13-thread-1) [   ] o.a.s.u.DirectUpdateHandler2 start commit{,optimize=false,openSearcher=false,waitSearcher=true,expungeDeletes=false,softCommit=false,prepareCommit=false}
2019-12-29 05:35:03.016 INFO  (commitScheduler-13-thread-1) [   ] o.a.s.u.SolrIndexWriter Calling setCommitData with IW:org.apache.solr.update.SolrIndexWriter@6e224a64 commitCommandVersion:0
2019-12-29 05:35:03.064 INFO  (commitScheduler-13-thread-1) [   ] o.a.s.s.SolrIndexSearcher Opening [Searcher@4cb871c5[doc] realtime]
2019-12-29 05:35:03.065 INFO  (commitScheduler-13-thread-1) [   ] o.a.s.u.DirectUpdateHandler2 end_commit_flush
2019-12-29 05:38:49.399 INFO  (qtp1604247316-24) [   ] o.a.s.s.HttpSolrCall [admin] webapp=null path=/admin/cores params={indexInfo=false&wt=json&_=1577589060463} status=0 QTime=0
2019-12-29 05:38:49.405 INFO  (qtp1604247316-21) [   ] o.a.s.s.HttpSolrCall [admin] webapp=null path=/admin/cores params={wt=json&_=1577589060463} status=0 QTime=3
2019-12-29 05:38:49.422 INFO  (qtp1604247316-18) [   ] o.a.s.s.HttpSolrCall [admin] webapp=null path=/admin/info/system params={wt=json&_=1577589060464} status=0 QTime=22
2019-12-29 05:38:49.431 INFO  (qtp1604247316-17) [   ] o.a.s.s.HttpSolrCall [admin] webapp=null path=/admin/cores params={indexInfo=false&wt=json&_=1577589060463} status=0 QTime=0
2019-12-29 05:38:49.434 INFO  (qtp1604247316-16) [   ] o.a.s.s.HttpSolrCall [admin] webapp=null path=/admin/cores params={wt=json&_=1577589060463} status=0 QTime=1
2019-12-29 05:38:49.453 INFO  (qtp1604247316-24) [   ] o.a.s.s.HttpSolrCall [admin] webapp=null path=/admin/info/system params={wt=json&_=1577589060464} status=0 QTime=22
2019-12-29 05:38:53.511 INFO  (qtp1604247316-21) [   ] o.a.s.s.HttpSolrCall [admin] webapp=null path=/admin/cores params={indexInfo=false&wt=json&_=1577589060463} status=0 QTime=0
2019-12-29 05:38:53.539 INFO  (qtp1604247316-22) [   ] o.a.s.s.HttpSolrCall [admin] webapp=null path=/admin/info/system params={wt=json&_=1577589060464} status=0 QTime=27
2019-12-29 05:38:53.559 INFO  (qtp1604247316-16) [   ] o.a.s.s.HttpSolrCall [admin] webapp=null path=/admin/info/system params={wt=json&_=1577589060464} status=0 QTime=16
2019-12-29 05:38:55.208 INFO  (qtp1604247316-22) [   ] o.a.s.s.HttpSolrCall [admin] webapp=null path=/admin/cores params={indexInfo=false&wt=json&_=1577589060463} status=0 QTime=0
2019-12-29 05:38:55.210 INFO  (qtp1604247316-39) [   ] o.a.s.s.HttpSolrCall [admin] webapp=null path=/admin/cores params={wt=json&_=1577589060463} status=0 QTime=1
2019-12-29 05:38:55.235 INFO  (qtp1604247316-24) [   ] o.a.s.s.HttpSolrCall [admin] webapp=null path=/admin/info/system params={wt=json&_=1577589060464} status=0 QTime=27
2019-12-29 05:39:02.423 INFO  (qtp1604247316-24) [   ] o.a.s.s.HttpSolrCall [admin] webapp=null path=/admin/cores params={indexInfo=false&wt=json&_=1577589060463} status=0 QTime=0
2019-12-29 05:39:02.455 INFO  (qtp1604247316-17) [   ] o.a.s.s.HttpSolrCall [admin] webapp=null path=/admin/info/system params={wt=json&_=1577589060464} status=0 QTime=30
2019-12-29 05:39:02.458 INFO  (qtp1604247316-16) [   ] o.a.s.s.HttpSolrCall [admin] webapp=null path=/admin/info/threads params={wt=json&_=1577597942418} status=0 QTime=33
2019-12-29 05:39:04.920 INFO  (qtp1604247316-39) [   ] o.a.s.s.HttpSolrCall [admin] webapp=null path=/admin/cores params={indexInfo=false&wt=json&_=1577589060463} status=0 QTime=0
2019-12-29 05:39:04.921 INFO  (qtp1604247316-16) [   x:doc] o.a.s.c.S.Request [doc]  webapp=/solr path=/admin/luke params={numTerms=0&show=index&wt=json&_=1577597944914} status=0 QTime=1
2019-12-29 05:39:04.925 INFO  (qtp1604247316-21) [   x:doc] o.a.s.c.S.Request [doc]  webapp=/solr path=/replication params={wt=json&command=details&_=1577597944914} status=0 QTime=3
2019-12-29 05:39:04.928 INFO  (qtp1604247316-16) [   x:doc] o.a.s.c.S.Request [doc]  webapp=/solr path=/admin/ping params={action=status&wt=json&_=1577589060464&ts=1577589060464} status=503 QTime=2
2019-12-29 05:39:04.949 INFO  (qtp1604247316-17) [   ] o.a.s.s.HttpSolrCall [admin] webapp=null path=/admin/info/system params={wt=json&_=1577589060464} status=0 QTime=28
2019-12-29 05:39:04.949 INFO  (qtp1604247316-22) [   x:doc] o.a.s.c.S.Request [doc]  webapp=/solr path=/admin/system params={wt=json&_=1577597944914} status=0 QTime=26
2019-12-29 05:39:07.654 INFO  (qtp1604247316-22) [   ] o.a.s.s.HttpSolrCall [admin] webapp=null path=/admin/cores params={indexInfo=false&wt=json&_=1577589060463} status=0 QTime=0
2019-12-29 05:39:07.669 INFO  (qtp1604247316-18) [   ] o.a.s.s.HttpSolrCall [admin] webapp=null path=/admin/info/system params={wt=json&_=1577589060464} status=0 QTime=15
2019-12-29 05:44:22.465 INFO  (qtp1604247316-24) [   x:doc] o.a.s.c.S.Request [doc]  webapp=/solr path=/select params={q=content_txt_ja:"石油ガス"+AND+content_txt_ja:"天然ガス"&_=1577597947630} hits=0 status=0 QTime=54
2019-12-29 05:45:06.193 INFO  (qtp1604247316-16) [   x:doc] o.a.s.c.S.Request [doc]  webapp=/solr path=/select params={q=content_txt_ja:"石油"+AND+content_txt_ja:"日本"&_=1577597947630} hits=8 status=0 QTime=5
2019-12-29 05:46:04.915 INFO  (qtp1604247316-24) [   x:doc] o.a.s.c.S.Request [doc]  webapp=/solr path=/select params={q=content_txt_ja:"石油"+AND+content_txt_ja:"日本"} hits=8 status=0 QTime=0
